  [1m[36m (3.7ms)[0m  [1mCREATE TABLE "schema_migrations" ("version" varchar(255) NOT NULL) [0m
  [1m[35m (16.0ms)[0m  CREATE UNIQUE INDEX "unique_schema_migrations" ON "schema_migrations" ("version")
  [1m[36mActiveRecord::SchemaMigration Load (0.1ms)[0m  [1mSELECT "schema_migrations".* FROM "schema_migrations"[0m


Started GET "/" for 127.0.0.1 at 2015-01-11 16:30:56 -0500
Processing by HomeController#index as HTML
  Rendered home/index.html.erb within layouts/application (2.0ms)
Completed 200 OK in 4935ms (Views: 4918.2ms | ActiveRecord: 0.0ms)


Started GET "/" for 127.0.0.1 at 2015-01-11 16:31:40 -0500
Processing by HomeController#index as HTML
  Rendered home/index.html.erb within layouts/application (4.4ms)
Completed 200 OK in 28ms (Views: 27.5ms | ActiveRecord: 0.0ms)


Started GET "/" for 127.0.0.1 at 2015-01-11 16:33:32 -0500
Processing by HomeController#index as HTML
  Rendered home/index.html.erb within layouts/application (2.1ms)
Completed 200 OK in 234ms (Views: 212.6ms | ActiveRecord: 0.0ms)


Started GET "/" for 127.0.0.1 at 2015-01-11 16:33:54 -0500
Processing by HomeController#index as HTML
  Rendered home/index.html.erb within layouts/application (2.1ms)
Completed 200 OK in 234ms (Views: 218.8ms | ActiveRecord: 0.0ms)


Started GET "/" for 127.0.0.1 at 2015-01-11 16:43:59 -0500
Processing by HomeController#index as HTML
  Rendered home/index.html.erb within layouts/application (1.4ms)
Completed 200 OK in 17ms (Views: 16.5ms | ActiveRecord: 0.0ms)


Started GET "/" for 127.0.0.1 at 2015-01-11 16:44:36 -0500
Processing by HomeController#index as HTML
  Rendered home/index.html.erb within layouts/application (1.5ms)
Completed 200 OK in 37ms (Views: 36.0ms | ActiveRecord: 0.0ms)
